<?xml version="1.0" encoding="UTF-8"?>
<!-- Generated by org.testng.reporters.JUnitXMLReporter -->
<testsuite ignored="0" hostname="LAPTOP-ICBQSI75" failures="1" tests="8" name="MevenSauceDemo" time="53.892" errors="0" timestamp="2022-10-09T08:06:16 PDT">
  <testcase classname="com.SauceDemo.TestClass.TC_01VerifyTheLoginfFunctionality" name="VerifyLoginMethod" time="0.017"/>
  <testcase classname="com.SauceDemo.TestClass.TC_02VerifyLoginFunctionalitybByPassingInvalidUsernameAndInvalidPassword" name="VerifyLoginWithWrongCredentialMethod" time="0.634">
    <failure type="java.lang.AssertionError" message="TC FAILED DUE TO WRONG CREDENTIAL expected [https://www.saucedemo.com/inventory.html] but found [https://www.saucedemo.com/]">
      <![CDATA[java.lang.AssertionError: TC FAILED DUE TO WRONG CREDENTIAL expected [https://www.saucedemo.com/inventory.html] but found [https://www.saucedemo.com/]
at com.SauceDemo.TestClass.TC_02VerifyLoginFunctionalitybByPassingInvalidUsernameAndInvalidPassword.VerifyLoginWithWrongCredentialMethod(TC_02VerifyLoginFunctionalitybByPassingInvalidUsernameAndInvalidPassword.java:40)
at java.base/java.util.ArrayList.forEach(ArrayList.java:1511)
... Removed 30 stack frames]]>
    </failure>
  </testcase> <!-- VerifyLoginWithWrongCredentialMethod -->
  <testcase classname="com.SauceDemo.TestClass.TC_03VerifyWhetherWeAreAbleToSelectTheProductOrNot" name="SelectTheProductOrNotMethod" time="0.224"/>
  <testcase classname="com.SauceDemo.TestClass.TC_04VerifyWhetherWeAreAbleToAddToProductToCartOrNot" name="AddToProductToCartOrNotMethod" time="0.217"/>
  <testcase classname="com.SauceDemo.TestClass.TC_05VerifyWhetherWeAreAbleToBuyTheProductOrNot" name="BuyTheProductOrNotMethod" time="0.505"/>
  <testcase classname="com.SauceDemo.TestClass.TC_06VerifyWhetherWeAreAbleToProceedForCheckoutOrNot" name="AbleToProceedForCheckoutOrNot" time="2.18"/>
  <testcase classname="com.SauceDemo.TestClass.TC_07VerifyTheLogoutFunctionality" name="TheLogoutFunctionality" time="1.562"/>
  <testcase classname="com.SauceDemo.TestClass.TC_08VerifyWhetherWeAreAbleToApplyTheFilter" name="AbleToApplyTheFilterMethod" time="0.378"/>
</testsuite> <!-- MevenSauceDemo -->
