<?xml version="1.0" encoding="UTF-8"?>
<testng-results ignored="0" total="8" passed="7" failed="1" skipped="0">
  <reporter-output>
  </reporter-output>
  <suite started-at="2022-10-09T08:05:22 PDT" name="Suite" finished-at="2022-10-09T08:06:16 PDT" duration-ms="53892">
    <groups>
    </groups>
    <test started-at="2022-10-09T08:05:22 PDT" name="MevenSauceDemo" finished-at="2022-10-09T08:06:16 PDT" duration-ms="53892">
      <class name="com.SauceDemo.TestClass.TC_06VerifyWhetherWeAreAbleToProceedForCheckoutOrNot">
        <test-method is-config="true" signature="setup(java.lang.String)[pri:0, instance:com.SauceDemo.TestClass.TC_06VerifyWhetherWeAreAbleToProceedForCheckoutOrNot@43dac38f]" started-at="2022-10-09T08:05:51 PDT" name="setup" finished-at="2022-10-09T08:05:57 PDT" duration-ms="5798" status="PASS">
          <params>
            <param index="0">
              <value>
                <![CDATA[chrome]]>
              </value>
            </param>
          </params>
          <reporter-output>
          </reporter-output>
        </test-method> <!-- setup -->
        <test-method signature="AbleToProceedForCheckoutOrNot()[pri:0, instance:com.SauceDemo.TestClass.TC_06VerifyWhetherWeAreAbleToProceedForCheckoutOrNot@43dac38f]" started-at="2022-10-09T08:05:57 PDT" name="AbleToProceedForCheckoutOrNot" finished-at="2022-10-09T08:05:59 PDT" duration-ms="2180" status="PASS">
          <reporter-output>
          </reporter-output>
        </test-method> <!-- AbleToProceedForCheckoutOrNot -->
        <test-method is-config="true" signature="tearDown()[pri:0, instance:com.SauceDemo.TestClass.TC_06VerifyWhetherWeAreAbleToProceedForCheckoutOrNot@43dac38f]" started-at="2022-10-09T08:05:59 PDT" name="tearDown" finished-at="2022-10-09T08:06:00 PDT" duration-ms="540" status="PASS">
          <reporter-output>
          </reporter-output>
        </test-method> <!-- tearDown -->
      </class> <!-- com.SauceDemo.TestClass.TC_06VerifyWhetherWeAreAbleToProceedForCheckoutOrNot -->
      <class name="com.SauceDemo.TestClass.TC_08VerifyWhetherWeAreAbleToApplyTheFilter">
        <test-method is-config="true" signature="setup(java.lang.String)[pri:0, instance:com.SauceDemo.TestClass.TC_08VerifyWhetherWeAreAbleToApplyTheFilter@c88a337]" started-at="2022-10-09T08:06:09 PDT" name="setup" finished-at="2022-10-09T08:06:15 PDT" duration-ms="6248" status="PASS">
          <params>
            <param index="0">
              <value>
                <![CDATA[chrome]]>
              </value>
            </param>
          </params>
          <reporter-output>
          </reporter-output>
        </test-method> <!-- setup -->
        <test-method signature="AbleToApplyTheFilterMethod()[pri:0, instance:com.SauceDemo.TestClass.TC_08VerifyWhetherWeAreAbleToApplyTheFilter@c88a337]" started-at="2022-10-09T08:06:15 PDT" name="AbleToApplyTheFilterMethod" finished-at="2022-10-09T08:06:15 PDT" duration-ms="378" status="PASS">
          <reporter-output>
          </reporter-output>
        </test-method> <!-- AbleToApplyTheFilterMethod -->
        <test-method is-config="true" signature="tearDown()[pri:0, instance:com.SauceDemo.TestClass.TC_08VerifyWhetherWeAreAbleToApplyTheFilter@c88a337]" started-at="2022-10-09T08:06:15 PDT" name="tearDown" finished-at="2022-10-09T08:06:16 PDT" duration-ms="371" status="PASS">
          <reporter-output>
          </reporter-output>
        </test-method> <!-- tearDown -->
      </class> <!-- com.SauceDemo.TestClass.TC_08VerifyWhetherWeAreAbleToApplyTheFilter -->
      <class name="com.SauceDemo.TestClass.TC_01VerifyTheLoginfFunctionality">
        <test-method is-config="true" signature="setup(java.lang.String)[pri:0, instance:com.SauceDemo.TestClass.TC_01VerifyTheLoginfFunctionality@3bf9ce3e]" started-at="2022-10-09T08:05:22 PDT" name="setup" finished-at="2022-10-09T08:05:27 PDT" duration-ms="5763" status="PASS">
          <params>
            <param index="0">
              <value>
                <![CDATA[chrome]]>
              </value>
            </param>
          </params>
          <reporter-output>
          </reporter-output>
        </test-method> <!-- setup -->
        <test-method signature="VerifyLoginMethod()[pri:0, instance:com.SauceDemo.TestClass.TC_01VerifyTheLoginfFunctionality@3bf9ce3e]" started-at="2022-10-09T08:05:27 PDT" name="VerifyLoginMethod" finished-at="2022-10-09T08:05:27 PDT" duration-ms="17" status="PASS">
          <reporter-output>
          </reporter-output>
        </test-method> <!-- VerifyLoginMethod -->
        <test-method is-config="true" signature="tearDown()[pri:0, instance:com.SauceDemo.TestClass.TC_01VerifyTheLoginfFunctionality@3bf9ce3e]" started-at="2022-10-09T08:05:27 PDT" name="tearDown" finished-at="2022-10-09T08:05:28 PDT" duration-ms="321" status="PASS">
          <reporter-output>
          </reporter-output>
        </test-method> <!-- tearDown -->
      </class> <!-- com.SauceDemo.TestClass.TC_01VerifyTheLoginfFunctionality -->
      <class name="com.SauceDemo.TestClass.TC_02VerifyLoginFunctionalitybByPassingInvalidUsernameAndInvalidPassword">
        <test-method is-config="true" signature="setup(java.lang.String)[pri:0, instance:com.SauceDemo.TestClass.TC_02VerifyLoginFunctionalitybByPassingInvalidUsernameAndInvalidPassword@1b2abca6]" started-at="2022-10-09T08:05:28 PDT" name="setup" finished-at="2022-10-09T08:05:32 PDT" duration-ms="4192" status="PASS">
          <params>
            <param index="0">
              <value>
                <![CDATA[chrome]]>
              </value>
            </param>
          </params>
          <reporter-output>
          </reporter-output>
        </test-method> <!-- setup -->
        <test-method signature="VerifyLoginWithWrongCredentialMethod()[pri:0, instance:com.SauceDemo.TestClass.TC_02VerifyLoginFunctionalitybByPassingInvalidUsernameAndInvalidPassword@1b2abca6]" started-at="2022-10-09T08:05:32 PDT" name="VerifyLoginWithWrongCredentialMethod" finished-at="2022-10-09T08:05:33 PDT" duration-ms="634" status="FAIL">
          <exception class="java.lang.AssertionError">
            <message>
              <![CDATA[TC FAILED DUE TO WRONG CREDENTIAL expected [https://www.saucedemo.com/inventory.html] but found [https://www.saucedemo.com/]]]>
            </message>
            <full-stacktrace>
              <![CDATA[java.lang.AssertionError: TC FAILED DUE TO WRONG CREDENTIAL expected [https://www.saucedemo.com/inventory.html] but found [https://www.saucedemo.com/]
at org.testng.Assert.fail(Assert.java:99)
at org.testng.Assert.failNotEquals(Assert.java:1037)
at org.testng.Assert.assertEqualsImpl(Assert.java:140)
at org.testng.Assert.assertEquals(Assert.java:122)
at org.testng.Assert.assertEquals(Assert.java:629)
at com.SauceDemo.TestClass.TC_02VerifyLoginFunctionalitybByPassingInvalidUsernameAndInvalidPassword.VerifyLoginWithWrongCredentialMethod(TC_02VerifyLoginFunctionalitybByPassingInvalidUsernameAndInvalidPassword.java:40)
at java.base/jdk.internal.reflect.DirectMethodHandleAccessor.invoke(DirectMethodHandleAccessor.java:104)
at java.base/java.lang.reflect.Method.invoke(Method.java:577)
at org.testng.internal.MethodInvocationHelper.invokeMethod(MethodInvocationHelper.java:133)
at org.testng.internal.TestInvoker.invokeMethod(TestInvoker.java:598)
at org.testng.internal.TestInvoker.invokeTestMethod(TestInvoker.java:173)
at org.testng.internal.MethodRunner.runInSequence(MethodRunner.java:46)
at org.testng.internal.TestInvoker$MethodInvocationAgent.invoke(TestInvoker.java:824)
at org.testng.internal.TestInvoker.invokeTestMethods(TestInvoker.java:146)
at org.testng.internal.TestMethodWorker.invokeTestMethods(TestMethodWorker.java:146)
at org.testng.internal.TestMethodWorker.run(TestMethodWorker.java:128)
at java.base/java.util.ArrayList.forEach(ArrayList.java:1511)
at org.testng.TestRunner.privateRun(TestRunner.java:794)
at org.testng.TestRunner.run(TestRunner.java:596)
at org.testng.SuiteRunner.runTest(SuiteRunner.java:377)
at org.testng.SuiteRunner.runSequentially(SuiteRunner.java:371)
at org.testng.SuiteRunner.privateRun(SuiteRunner.java:332)
at org.testng.SuiteRunner.run(SuiteRunner.java:276)
at org.testng.SuiteRunnerWorker.runSuite(SuiteRunnerWorker.java:53)
at org.testng.SuiteRunnerWorker.run(SuiteRunnerWorker.java:96)
at org.testng.TestNG.runSuitesSequentially(TestNG.java:1212)
at org.testng.TestNG.runSuitesLocally(TestNG.java:1134)
at org.testng.TestNG.runSuites(TestNG.java:1063)
at org.testng.TestNG.run(TestNG.java:1031)
at org.testng.remote.AbstractRemoteTestNG.run(AbstractRemoteTestNG.java:115)
at org.testng.remote.RemoteTestNG.initAndRun(RemoteTestNG.java:251)
at org.testng.remote.RemoteTestNG.main(RemoteTestNG.java:77)
]]>
            </full-stacktrace>
          </exception> <!-- java.lang.AssertionError -->
          <reporter-output>
          </reporter-output>
        </test-method> <!-- VerifyLoginWithWrongCredentialMethod -->
        <test-method is-config="true" signature="tearDown()[pri:0, instance:com.SauceDemo.TestClass.TC_02VerifyLoginFunctionalitybByPassingInvalidUsernameAndInvalidPassword@1b2abca6]" started-at="2022-10-09T08:05:33 PDT" name="tearDown" finished-at="2022-10-09T08:05:33 PDT" duration-ms="260" status="PASS">
          <reporter-output>
          </reporter-output>
        </test-method> <!-- tearDown -->
      </class> <!-- com.SauceDemo.TestClass.TC_02VerifyLoginFunctionalitybByPassingInvalidUsernameAndInvalidPassword -->
      <class name="com.SauceDemo.TestClass.TC_07VerifyTheLogoutFunctionality">
        <test-method is-config="true" signature="setup(java.lang.String)[pri:0, instance:com.SauceDemo.TestClass.TC_07VerifyTheLogoutFunctionality@342c38f8]" started-at="2022-10-09T08:06:00 PDT" name="setup" finished-at="2022-10-09T08:06:07 PDT" duration-ms="6577" status="PASS">
          <params>
            <param index="0">
              <value>
                <![CDATA[chrome]]>
              </value>
            </param>
          </params>
          <reporter-output>
          </reporter-output>
        </test-method> <!-- setup -->
        <test-method signature="TheLogoutFunctionality()[pri:0, instance:com.SauceDemo.TestClass.TC_07VerifyTheLogoutFunctionality@342c38f8]" started-at="2022-10-09T08:06:07 PDT" name="TheLogoutFunctionality" finished-at="2022-10-09T08:06:08 PDT" duration-ms="1562" status="PASS">
          <reporter-output>
          </reporter-output>
        </test-method> <!-- TheLogoutFunctionality -->
        <test-method is-config="true" signature="tearDown()[pri:0, instance:com.SauceDemo.TestClass.TC_07VerifyTheLogoutFunctionality@342c38f8]" started-at="2022-10-09T08:06:08 PDT" name="tearDown" finished-at="2022-10-09T08:06:09 PDT" duration-ms="452" status="PASS">
          <reporter-output>
          </reporter-output>
        </test-method> <!-- tearDown -->
      </class> <!-- com.SauceDemo.TestClass.TC_07VerifyTheLogoutFunctionality -->
      <class name="com.SauceDemo.TestClass.TC_05VerifyWhetherWeAreAbleToBuyTheProductOrNot">
        <test-method is-config="true" signature="setup(java.lang.String)[pri:0, instance:com.SauceDemo.TestClass.TC_05VerifyWhetherWeAreAbleToBuyTheProductOrNot@d5b810e]" started-at="2022-10-09T08:05:45 PDT" name="setup" finished-at="2022-10-09T08:05:50 PDT" duration-ms="5213" status="PASS">
          <params>
            <param index="0">
              <value>
                <![CDATA[chrome]]>
              </value>
            </param>
          </params>
          <reporter-output>
          </reporter-output>
        </test-method> <!-- setup -->
        <test-method signature="BuyTheProductOrNotMethod()[pri:0, instance:com.SauceDemo.TestClass.TC_05VerifyWhetherWeAreAbleToBuyTheProductOrNot@d5b810e]" started-at="2022-10-09T08:05:50 PDT" name="BuyTheProductOrNotMethod" finished-at="2022-10-09T08:05:51 PDT" duration-ms="505" status="PASS">
          <reporter-output>
          </reporter-output>
        </test-method> <!-- BuyTheProductOrNotMethod -->
        <test-method is-config="true" signature="tearDown()[pri:0, instance:com.SauceDemo.TestClass.TC_05VerifyWhetherWeAreAbleToBuyTheProductOrNot@d5b810e]" started-at="2022-10-09T08:05:51 PDT" name="tearDown" finished-at="2022-10-09T08:05:51 PDT" duration-ms="501" status="PASS">
          <reporter-output>
          </reporter-output>
        </test-method> <!-- tearDown -->
      </class> <!-- com.SauceDemo.TestClass.TC_05VerifyWhetherWeAreAbleToBuyTheProductOrNot -->
      <class name="com.SauceDemo.TestClass.TC_03VerifyWhetherWeAreAbleToSelectTheProductOrNot">
        <test-method is-config="true" signature="setup(java.lang.String)[pri:0, instance:com.SauceDemo.TestClass.TC_03VerifyWhetherWeAreAbleToSelectTheProductOrNot@6392827e]" started-at="2022-10-09T08:05:33 PDT" name="setup" finished-at="2022-10-09T08:05:38 PDT" duration-ms="4726" status="PASS">
          <params>
            <param index="0">
              <value>
                <![CDATA[chrome]]>
              </value>
            </param>
          </params>
          <reporter-output>
          </reporter-output>
        </test-method> <!-- setup -->
        <test-method signature="SelectTheProductOrNotMethod()[pri:0, instance:com.SauceDemo.TestClass.TC_03VerifyWhetherWeAreAbleToSelectTheProductOrNot@6392827e]" started-at="2022-10-09T08:05:38 PDT" name="SelectTheProductOrNotMethod" finished-at="2022-10-09T08:05:38 PDT" duration-ms="224" status="PASS">
          <reporter-output>
          </reporter-output>
        </test-method> <!-- SelectTheProductOrNotMethod -->
        <test-method is-config="true" signature="tearDown()[pri:0, instance:com.SauceDemo.TestClass.TC_03VerifyWhetherWeAreAbleToSelectTheProductOrNot@6392827e]" started-at="2022-10-09T08:05:38 PDT" name="tearDown" finished-at="2022-10-09T08:05:38 PDT" duration-ms="236" status="PASS">
          <reporter-output>
          </reporter-output>
        </test-method> <!-- tearDown -->
      </class> <!-- com.SauceDemo.TestClass.TC_03VerifyWhetherWeAreAbleToSelectTheProductOrNot -->
      <class name="com.SauceDemo.TestClass.TC_04VerifyWhetherWeAreAbleToAddToProductToCartOrNot">
        <test-method is-config="true" signature="setup(java.lang.String)[pri:0, instance:com.SauceDemo.TestClass.TC_04VerifyWhetherWeAreAbleToAddToProductToCartOrNot@2ed2d9cb]" started-at="2022-10-09T08:05:38 PDT" name="setup" finished-at="2022-10-09T08:05:45 PDT" duration-ms="6578" status="PASS">
          <params>
            <param index="0">
              <value>
                <![CDATA[chrome]]>
              </value>
            </param>
          </params>
          <reporter-output>
          </reporter-output>
        </test-method> <!-- setup -->
        <test-method signature="AddToProductToCartOrNotMethod()[pri:0, instance:com.SauceDemo.TestClass.TC_04VerifyWhetherWeAreAbleToAddToProductToCartOrNot@2ed2d9cb]" started-at="2022-10-09T08:05:45 PDT" name="AddToProductToCartOrNotMethod" finished-at="2022-10-09T08:05:45 PDT" duration-ms="217" status="PASS">
          <reporter-output>
          </reporter-output>
        </test-method> <!-- AddToProductToCartOrNotMethod -->
        <test-method is-config="true" signature="tearDown()[pri:0, instance:com.SauceDemo.TestClass.TC_04VerifyWhetherWeAreAbleToAddToProductToCartOrNot@2ed2d9cb]" started-at="2022-10-09T08:05:45 PDT" name="tearDown" finished-at="2022-10-09T08:05:45 PDT" duration-ms="310" status="PASS">
          <reporter-output>
          </reporter-output>
        </test-method> <!-- tearDown -->
      </class> <!-- com.SauceDemo.TestClass.TC_04VerifyWhetherWeAreAbleToAddToProductToCartOrNot -->
    </test> <!-- MevenSauceDemo -->
  </suite> <!-- Suite -->
</testng-results>
